<?xml version="1.0" encoding="UTF-8"?>
<!-- Generated by org.testng.reporters.JUnitXMLReporter -->
<testsuite ignored="0" hostname="LAPTOP-431553IG" failures="0" tests="3" name="Default test" time="10.995" errors="0" timestamp="2024-04-11T22:05:30 IST">
  <testcase classname="comm.automation.demoproject.testing" name="Test1" time="2.32"/>
  <testcase classname="comm.automation.demoproject.testing" name="Test2" time="1.608"/>
  <testcase classname="comm.automation.demoproject.testing" name="Test3" time="2.443"/>
</testsuite> <!-- Default test -->
