<?xml version="1.0" encoding="UTF-8"?>
<!-- Generated by org.testng.reporters.JUnitXMLReporter -->
<testsuite ignored="0" hostname="LAPTOP-431553IG" failures="0" tests="3" name="Test" time="14.401" errors="0" timestamp="2024-04-11T22:08:22 IST">
  <testcase classname="comm.automation.demoproject.testing" name="Test1" time="4.663"/>
  <testcase classname="comm.automation.demoproject.testing" name="Test2" time="1.536"/>
  <testcase classname="comm.automation.demoproject.testing" name="Test3" time="4.308"/>
</testsuite> <!-- Test -->
