<?xml version="1.0" encoding="UTF-8"?>
<!-- Generated by org.testng.reporters.JUnitXMLReporter -->
<testsuite ignored="0" hostname="LAPTOP-431553IG" failures="0" tests="3" name="Test" time="13.441" errors="0" timestamp="2024-04-11T22:23:40 IST">
  <testcase classname="comm.automation.demoproject.testing" name="Test1" time="6.329"/>
  <testcase classname="comm.automation.demoproject.testing" name="Test2" time="1.898"/>
  <testcase classname="comm.automation.demoproject.testing" name="Test3" time="1.387"/>
</testsuite> <!-- Test -->
