<?xml version="1.0" encoding="UTF-8"?>
<testng-results ignored="0" total="3" passed="3" failed="0" skipped="0">
  <reporter-output>
  </reporter-output>
  <suite started-at="2024-04-11T22:23:26 IST" name="Suite" finished-at="2024-04-11T22:23:40 IST" duration-ms="13441">
    <groups>
    </groups>
    <test started-at="2024-04-11T22:23:26 IST" name="Test" finished-at="2024-04-11T22:23:40 IST" duration-ms="13441">
      <class name="comm.automation.demoproject.testing">
        <test-method is-config="true" signature="Setup()[pri:0, instance:comm.automation.demoproject.testing@770d3326]" started-at="2024-04-11T22:23:26 IST" name="Setup" finished-at="2024-04-11T22:23:28 IST" duration-ms="1398" status="PASS">
          <reporter-output>
          </reporter-output>
        </test-method> <!-- Setup -->
        <test-method signature="Test1()[pri:0, instance:comm.automation.demoproject.testing@770d3326]" started-at="2024-04-11T22:23:28 IST" name="Test1" finished-at="2024-04-11T22:23:34 IST" duration-ms="6329" status="PASS">
          <reporter-output>
          </reporter-output>
        </test-method> <!-- Test1 -->
        <test-method is-config="true" signature="close()[pri:0, instance:comm.automation.demoproject.testing@770d3326]" started-at="2024-04-11T22:23:34 IST" name="close" finished-at="2024-04-11T22:23:34 IST" duration-ms="155" status="PASS">
          <reporter-output>
          </reporter-output>
        </test-method> <!-- close -->
        <test-method is-config="true" signature="Setup()[pri:0, instance:comm.automation.demoproject.testing@770d3326]" started-at="2024-04-11T22:23:34 IST" name="Setup" finished-at="2024-04-11T22:23:35 IST" duration-ms="1028" status="PASS">
          <reporter-output>
          </reporter-output>
        </test-method> <!-- Setup -->
        <test-method signature="Test2()[pri:0, instance:comm.automation.demoproject.testing@770d3326]" started-at="2024-04-11T22:23:35 IST" name="Test2" finished-at="2024-04-11T22:23:37 IST" duration-ms="1898" status="PASS">
          <reporter-output>
          </reporter-output>
        </test-method> <!-- Test2 -->
        <test-method is-config="true" signature="close()[pri:0, instance:comm.automation.demoproject.testing@770d3326]" started-at="2024-04-11T22:23:37 IST" name="close" finished-at="2024-04-11T22:23:37 IST" duration-ms="117" status="PASS">
          <reporter-output>
          </reporter-output>
        </test-method> <!-- close -->
        <test-method is-config="true" signature="Setup()[pri:0, instance:comm.automation.demoproject.testing@770d3326]" started-at="2024-04-11T22:23:37 IST" name="Setup" finished-at="2024-04-11T22:23:38 IST" duration-ms="988" status="PASS">
          <reporter-output>
          </reporter-output>
        </test-method> <!-- Setup -->
        <test-method signature="Test3()[pri:0, instance:comm.automation.demoproject.testing@770d3326]" started-at="2024-04-11T22:23:38 IST" name="Test3" finished-at="2024-04-11T22:23:40 IST" duration-ms="1387" status="PASS">
          <reporter-output>
          </reporter-output>
        </test-method> <!-- Test3 -->
        <test-method is-config="true" signature="close()[pri:0, instance:comm.automation.demoproject.testing@770d3326]" started-at="2024-04-11T22:23:40 IST" name="close" finished-at="2024-04-11T22:23:40 IST" duration-ms="111" status="PASS">
          <reporter-output>
          </reporter-output>
        </test-method> <!-- close -->
      </class> <!-- comm.automation.demoproject.testing -->
    </test> <!-- Test -->
  </suite> <!-- Suite -->
</testng-results>
