<?xml version="1.0" encoding="UTF-8"?>
<testng-results ignored="0" total="3" passed="3" failed="0" skipped="0">
  <reporter-output>
  </reporter-output>
  <suite started-at="2024-04-11T22:08:07 IST" name="Suite" finished-at="2024-04-11T22:08:22 IST" duration-ms="14401">
    <groups>
    </groups>
    <test started-at="2024-04-11T22:08:07 IST" name="Test" finished-at="2024-04-11T22:08:22 IST" duration-ms="14401">
      <class name="comm.automation.demoproject.testing">
        <test-method is-config="true" signature="Setup()[pri:0, instance:comm.automation.demoproject.testing@662b4c69]" started-at="2024-04-11T22:08:07 IST" name="Setup" finished-at="2024-04-11T22:08:09 IST" duration-ms="1461" status="PASS">
          <reporter-output>
          </reporter-output>
        </test-method> <!-- Setup -->
        <test-method signature="Test1()[pri:0, instance:comm.automation.demoproject.testing@662b4c69]" started-at="2024-04-11T22:08:09 IST" name="Test1" finished-at="2024-04-11T22:08:13 IST" duration-ms="4663" status="PASS">
          <reporter-output>
          </reporter-output>
        </test-method> <!-- Test1 -->
        <test-method is-config="true" signature="close()[pri:0, instance:comm.automation.demoproject.testing@662b4c69]" started-at="2024-04-11T22:08:13 IST" name="close" finished-at="2024-04-11T22:08:14 IST" duration-ms="111" status="PASS">
          <reporter-output>
          </reporter-output>
        </test-method> <!-- close -->
        <test-method is-config="true" signature="Setup()[pri:0, instance:comm.automation.demoproject.testing@662b4c69]" started-at="2024-04-11T22:08:14 IST" name="Setup" finished-at="2024-04-11T22:08:15 IST" duration-ms="1030" status="PASS">
          <reporter-output>
          </reporter-output>
        </test-method> <!-- Setup -->
        <test-method signature="Test2()[pri:0, instance:comm.automation.demoproject.testing@662b4c69]" started-at="2024-04-11T22:08:15 IST" name="Test2" finished-at="2024-04-11T22:08:16 IST" duration-ms="1536" status="PASS">
          <reporter-output>
          </reporter-output>
        </test-method> <!-- Test2 -->
        <test-method is-config="true" signature="close()[pri:0, instance:comm.automation.demoproject.testing@662b4c69]" started-at="2024-04-11T22:08:16 IST" name="close" finished-at="2024-04-11T22:08:16 IST" duration-ms="120" status="PASS">
          <reporter-output>
          </reporter-output>
        </test-method> <!-- close -->
        <test-method is-config="true" signature="Setup()[pri:0, instance:comm.automation.demoproject.testing@662b4c69]" started-at="2024-04-11T22:08:16 IST" name="Setup" finished-at="2024-04-11T22:08:17 IST" duration-ms="1057" status="PASS">
          <reporter-output>
          </reporter-output>
        </test-method> <!-- Setup -->
        <test-method signature="Test3()[pri:0, instance:comm.automation.demoproject.testing@662b4c69]" started-at="2024-04-11T22:08:17 IST" name="Test3" finished-at="2024-04-11T22:08:22 IST" duration-ms="4308" status="PASS">
          <reporter-output>
          </reporter-output>
        </test-method> <!-- Test3 -->
        <test-method is-config="true" signature="close()[pri:0, instance:comm.automation.demoproject.testing@662b4c69]" started-at="2024-04-11T22:08:22 IST" name="close" finished-at="2024-04-11T22:08:22 IST" duration-ms="80" status="PASS">
          <reporter-output>
          </reporter-output>
        </test-method> <!-- close -->
      </class> <!-- comm.automation.demoproject.testing -->
    </test> <!-- Test -->
  </suite> <!-- Suite -->
</testng-results>
